<?xml version="1.0" encoding="UTF-8"?>
<!-- Generated by org.testng.reporters.JUnitXMLReporter -->
<testsuite hostname="SP16" ignored="1" name="Default test" tests="1" failures="0" timestamp="11 Sep 2018 18:31:34 GMT" time="8.109" errors="0">
  <testcase name="printLine" time="0.005" classname="com.qa.datadriventest.DataDrivenTest"/>
  <testcase name="createAccountTest" time="0.0" classname="com.qa.datadriventest.DataDrivenTest">
    <ignored/>
  </testcase> <!-- createAccountTest -->
</testsuite> <!-- Default test -->
