<?xml version="1.0" encoding="UTF-8"?>
<!-- Generated by org.testng.reporters.JUnitXMLReporter -->
<testsuite hostname="AnaLaura-Note" ignored="0" name="Default test" tests="4" failures="0" timestamp="10 Sep 2018 19:01:03 GMT" time="113.988" errors="0">
  <testcase name="loginPageTitleTest" time="0.145" classname="com.qa.testcases.LoginTestCase"/>
  <testcase name="crmLogoImageTest" time="0.477" classname="com.qa.testcases.LoginTestCase"/>
  <testcase name="loginTest" time="3.263" classname="com.qa.testcases.LoginTestCase"/>
  <testcase name="loginTest" time="2.556" classname="com.qa.testcases.LoginTestCase"/>
</testsuite> <!-- Default test -->
