<?xml version="1.0" encoding="UTF-8"?>
<testng-results skipped="0" failed="0" ignored="0" total="4" passed="4">
  <reporter-output>
  </reporter-output>
  <suite name="com.qa.tests.DemoTest" duration-ms="28" started-at="2018-08-30T19:23:29Z" finished-at="2018-08-30T19:23:29Z">
    <groups>
    </groups>
    <test name="Command line test" duration-ms="28" started-at="2018-08-30T19:23:29Z" finished-at="2018-08-30T19:23:29Z">
      <class name="com.qa.tests.DemoTest">
        <test-method status="PASS" signature="division()[pri:0, instance:com.qa.tests.DemoTest@96532d6]" name="division" duration-ms="7" started-at="2018-08-30T19:23:29Z" finished-at="2018-08-30T19:23:29Z">
          <reporter-output>
          </reporter-output>
        </test-method> <!-- division -->
        <test-method status="PASS" signature="multiplication()[pri:0, instance:com.qa.tests.DemoTest@96532d6]" name="multiplication" duration-ms="0" started-at="2018-08-30T19:23:29Z" finished-at="2018-08-30T19:23:29Z">
          <reporter-output>
          </reporter-output>
        </test-method> <!-- multiplication -->
        <test-method status="PASS" signature="substract()[pri:0, instance:com.qa.tests.DemoTest@96532d6]" name="substract" duration-ms="0" started-at="2018-08-30T19:23:29Z" finished-at="2018-08-30T19:23:29Z">
          <reporter-output>
          </reporter-output>
        </test-method> <!-- substract -->
        <test-method status="PASS" signature="sum()[pri:0, instance:com.qa.tests.DemoTest@96532d6]" name="sum" duration-ms="1" started-at="2018-08-30T19:23:29Z" finished-at="2018-08-30T19:23:29Z">
          <reporter-output>
          </reporter-output>
        </test-method> <!-- sum -->
      </class> <!-- com.qa.tests.DemoTest -->
    </test> <!-- Command line test -->
  </suite> <!-- com.qa.tests.DemoTest -->
</testng-results>
