<?xml version="1.0" encoding="UTF-8"?>
<testng-results skipped="0" failed="0" ignored="0" total="4" passed="4">
  <reporter-output>
  </reporter-output>
  <suite name="Default suite" duration-ms="36" started-at="2018-08-30T19:00:27Z" finished-at="2018-08-30T19:00:27Z">
    <groups>
    </groups>
    <test name="Default test" duration-ms="36" started-at="2018-08-30T19:00:27Z" finished-at="2018-08-30T19:00:27Z">
      <class name="com.qa.tests.DemoTest">
        <test-method status="PASS" signature="division()[pri:0, instance:com.qa.tests.DemoTest@39aeed2f]" name="division" duration-ms="9" started-at="2018-08-30T19:00:27Z" finished-at="2018-08-30T19:00:27Z">
          <reporter-output>
          </reporter-output>
        </test-method> <!-- division -->
        <test-method status="PASS" signature="multiplication()[pri:0, instance:com.qa.tests.DemoTest@39aeed2f]" name="multiplication" duration-ms="1" started-at="2018-08-30T19:00:27Z" finished-at="2018-08-30T19:00:27Z">
          <reporter-output>
          </reporter-output>
        </test-method> <!-- multiplication -->
        <test-method status="PASS" signature="substract()[pri:0, instance:com.qa.tests.DemoTest@39aeed2f]" name="substract" duration-ms="0" started-at="2018-08-30T19:00:27Z" finished-at="2018-08-30T19:00:27Z">
          <reporter-output>
          </reporter-output>
        </test-method> <!-- substract -->
        <test-method status="PASS" signature="sum()[pri:0, instance:com.qa.tests.DemoTest@39aeed2f]" name="sum" duration-ms="1" started-at="2018-08-30T19:00:27Z" finished-at="2018-08-30T19:00:27Z">
          <reporter-output>
          </reporter-output>
        </test-method> <!-- sum -->
      </class> <!-- com.qa.tests.DemoTest -->
    </test> <!-- Default test -->
  </suite> <!-- Default suite -->
</testng-results>
